c:\users\axe\dropbox\elektronik\axe_dashboard240xl\software\vs\dash_cube\dash_cube\visualgdb\debug\adc.o
c:\users\axe\dropbox\elektronik\axe_dashboard240xl\software\vs\dash_cube\dash_cube\visualgdb\debug\can.o
c:\users\axe\dropbox\elektronik\axe_dashboard240xl\software\vs\dash_cube\dash_cube\visualgdb\debug\cmsis_os.o
c:\users\axe\dropbox\elektronik\axe_dashboard240xl\software\vs\dash_cube\dash_cube\visualgdb\debug\croutine.o
c:\users\axe\dropbox\elektronik\axe_dashboard240xl\software\vs\dash_cube\dash_cube\visualgdb\debug\event_groups.o
c:\users\axe\dropbox\elektronik\axe_dashboard240xl\software\vs\dash_cube\dash_cube\visualgdb\debug\freertos.o
c:\users\axe\dropbox\elektronik\axe_dashboard240xl\software\vs\dash_cube\dash_cube\visualgdb\debug\gpio.o
c:\users\axe\dropbox\elektronik\axe_dashboard240xl\software\vs\dash_cube\dash_cube\visualgdb\debug\heap_4.o
c:\users\axe\dropbox\elektronik\axe_dashboard240xl\software\vs\dash_cube\dash_cube\visualgdb\debug\list.o
c:\users\axe\dropbox\elektronik\axe_dashboard240xl\software\vs\dash_cube\dash_cube\visualgdb\debug\main.o
c:\users\axe\dropbox\elektronik\axe_dashboard240xl\software\vs\dash_cube\dash_cube\visualgdb\debug\port.o
c:\users\axe\dropbox\elektronik\axe_dashboard240xl\software\vs\dash_cube\dash_cube\visualgdb\debug\queue.o
c:\users\axe\dropbox\elektronik\axe_dashboard240xl\software\vs\dash_cube\dash_cube\visualgdb\debug\rtc.o
c:\users\axe\dropbox\elektronik\axe_dashboard240xl\software\vs\dash_cube\dash_cube\visualgdb\debug\sdio.o
c:\users\axe\dropbox\elektronik\axe_dashboard240xl\software\vs\dash_cube\dash_cube\visualgdb\debug\spi.o
c:\users\axe\dropbox\elektronik\axe_dashboard240xl\software\vs\dash_cube\dash_cube\visualgdb\debug\startup_stm32f405xx.o
c:\users\axe\dropbox\elektronik\axe_dashboard240xl\software\vs\dash_cube\dash_cube\visualgdb\debug\stm32f4xx_hal.o
c:\users\axe\dropbox\elektronik\axe_dashboard240xl\software\vs\dash_cube\dash_cube\visualgdb\debug\stm32f4xx_hal_adc.o
c:\users\axe\dropbox\elektronik\axe_dashboard240xl\software\vs\dash_cube\dash_cube\visualgdb\debug\stm32f4xx_hal_adc_ex.o
c:\users\axe\dropbox\elektronik\axe_dashboard240xl\software\vs\dash_cube\dash_cube\visualgdb\debug\stm32f4xx_hal_can.o
c:\users\axe\dropbox\elektronik\axe_dashboard240xl\software\vs\dash_cube\dash_cube\visualgdb\debug\stm32f4xx_hal_cec.o
c:\users\axe\dropbox\elektronik\axe_dashboard240xl\software\vs\dash_cube\dash_cube\visualgdb\debug\stm32f4xx_hal_cortex.o
c:\users\axe\dropbox\elektronik\axe_dashboard240xl\software\vs\dash_cube\dash_cube\visualgdb\debug\stm32f4xx_hal_crc.o
c:\users\axe\dropbox\elektronik\axe_dashboard240xl\software\vs\dash_cube\dash_cube\visualgdb\debug\stm32f4xx_hal_cryp.o
c:\users\axe\dropbox\elektronik\axe_dashboard240xl\software\vs\dash_cube\dash_cube\visualgdb\debug\stm32f4xx_hal_cryp_ex.o
c:\users\axe\dropbox\elektronik\axe_dashboard240xl\software\vs\dash_cube\dash_cube\visualgdb\debug\stm32f4xx_hal_dac.o
c:\users\axe\dropbox\elektronik\axe_dashboard240xl\software\vs\dash_cube\dash_cube\visualgdb\debug\stm32f4xx_hal_dac_ex.o
c:\users\axe\dropbox\elektronik\axe_dashboard240xl\software\vs\dash_cube\dash_cube\visualgdb\debug\stm32f4xx_hal_dcmi.o
c:\users\axe\dropbox\elektronik\axe_dashboard240xl\software\vs\dash_cube\dash_cube\visualgdb\debug\stm32f4xx_hal_dcmi_ex.o
c:\users\axe\dropbox\elektronik\axe_dashboard240xl\software\vs\dash_cube\dash_cube\visualgdb\debug\stm32f4xx_hal_dfsdm.o
c:\users\axe\dropbox\elektronik\axe_dashboard240xl\software\vs\dash_cube\dash_cube\visualgdb\debug\stm32f4xx_hal_dma.o
c:\users\axe\dropbox\elektronik\axe_dashboard240xl\software\vs\dash_cube\dash_cube\visualgdb\debug\stm32f4xx_hal_dma2d.o
c:\users\axe\dropbox\elektronik\axe_dashboard240xl\software\vs\dash_cube\dash_cube\visualgdb\debug\stm32f4xx_hal_dma_ex.o
c:\users\axe\dropbox\elektronik\axe_dashboard240xl\software\vs\dash_cube\dash_cube\visualgdb\debug\stm32f4xx_hal_dsi.o
c:\users\axe\dropbox\elektronik\axe_dashboard240xl\software\vs\dash_cube\dash_cube\visualgdb\debug\stm32f4xx_hal_eth.o
c:\users\axe\dropbox\elektronik\axe_dashboard240xl\software\vs\dash_cube\dash_cube\visualgdb\debug\stm32f4xx_hal_flash.o
c:\users\axe\dropbox\elektronik\axe_dashboard240xl\software\vs\dash_cube\dash_cube\visualgdb\debug\stm32f4xx_hal_flash_ex.o
c:\users\axe\dropbox\elektronik\axe_dashboard240xl\software\vs\dash_cube\dash_cube\visualgdb\debug\stm32f4xx_hal_flash_ramfunc.o
c:\users\axe\dropbox\elektronik\axe_dashboard240xl\software\vs\dash_cube\dash_cube\visualgdb\debug\stm32f4xx_hal_fmpi2c.o
c:\users\axe\dropbox\elektronik\axe_dashboard240xl\software\vs\dash_cube\dash_cube\visualgdb\debug\stm32f4xx_hal_fmpi2c_ex.o
c:\users\axe\dropbox\elektronik\axe_dashboard240xl\software\vs\dash_cube\dash_cube\visualgdb\debug\stm32f4xx_hal_gpio.o
c:\users\axe\dropbox\elektronik\axe_dashboard240xl\software\vs\dash_cube\dash_cube\visualgdb\debug\stm32f4xx_hal_hash.o
c:\users\axe\dropbox\elektronik\axe_dashboard240xl\software\vs\dash_cube\dash_cube\visualgdb\debug\stm32f4xx_hal_hash_ex.o
c:\users\axe\dropbox\elektronik\axe_dashboard240xl\software\vs\dash_cube\dash_cube\visualgdb\debug\stm32f4xx_hal_hcd.o
c:\users\axe\dropbox\elektronik\axe_dashboard240xl\software\vs\dash_cube\dash_cube\visualgdb\debug\stm32f4xx_hal_i2c.o
c:\users\axe\dropbox\elektronik\axe_dashboard240xl\software\vs\dash_cube\dash_cube\visualgdb\debug\stm32f4xx_hal_i2c_ex.o
c:\users\axe\dropbox\elektronik\axe_dashboard240xl\software\vs\dash_cube\dash_cube\visualgdb\debug\stm32f4xx_hal_i2s.o
c:\users\axe\dropbox\elektronik\axe_dashboard240xl\software\vs\dash_cube\dash_cube\visualgdb\debug\stm32f4xx_hal_i2s_ex.o
c:\users\axe\dropbox\elektronik\axe_dashboard240xl\software\vs\dash_cube\dash_cube\visualgdb\debug\stm32f4xx_hal_irda.o
c:\users\axe\dropbox\elektronik\axe_dashboard240xl\software\vs\dash_cube\dash_cube\visualgdb\debug\stm32f4xx_hal_iwdg.o
c:\users\axe\dropbox\elektronik\axe_dashboard240xl\software\vs\dash_cube\dash_cube\visualgdb\debug\stm32f4xx_hal_lptim.o
c:\users\axe\dropbox\elektronik\axe_dashboard240xl\software\vs\dash_cube\dash_cube\visualgdb\debug\stm32f4xx_hal_ltdc.o
c:\users\axe\dropbox\elektronik\axe_dashboard240xl\software\vs\dash_cube\dash_cube\visualgdb\debug\stm32f4xx_hal_ltdc_ex.o
c:\users\axe\dropbox\elektronik\axe_dashboard240xl\software\vs\dash_cube\dash_cube\visualgdb\debug\stm32f4xx_hal_msp.o
c:\users\axe\dropbox\elektronik\axe_dashboard240xl\software\vs\dash_cube\dash_cube\visualgdb\debug\stm32f4xx_hal_nand.o
c:\users\axe\dropbox\elektronik\axe_dashboard240xl\software\vs\dash_cube\dash_cube\visualgdb\debug\stm32f4xx_hal_nor.o
c:\users\axe\dropbox\elektronik\axe_dashboard240xl\software\vs\dash_cube\dash_cube\visualgdb\debug\stm32f4xx_hal_pccard.o
c:\users\axe\dropbox\elektronik\axe_dashboard240xl\software\vs\dash_cube\dash_cube\visualgdb\debug\stm32f4xx_hal_pcd.o
c:\users\axe\dropbox\elektronik\axe_dashboard240xl\software\vs\dash_cube\dash_cube\visualgdb\debug\stm32f4xx_hal_pcd_ex.o
c:\users\axe\dropbox\elektronik\axe_dashboard240xl\software\vs\dash_cube\dash_cube\visualgdb\debug\stm32f4xx_hal_pwr.o
c:\users\axe\dropbox\elektronik\axe_dashboard240xl\software\vs\dash_cube\dash_cube\visualgdb\debug\stm32f4xx_hal_pwr_ex.o
c:\users\axe\dropbox\elektronik\axe_dashboard240xl\software\vs\dash_cube\dash_cube\visualgdb\debug\stm32f4xx_hal_qspi.o
c:\users\axe\dropbox\elektronik\axe_dashboard240xl\software\vs\dash_cube\dash_cube\visualgdb\debug\stm32f4xx_hal_rcc.o
c:\users\axe\dropbox\elektronik\axe_dashboard240xl\software\vs\dash_cube\dash_cube\visualgdb\debug\stm32f4xx_hal_rcc_ex.o
c:\users\axe\dropbox\elektronik\axe_dashboard240xl\software\vs\dash_cube\dash_cube\visualgdb\debug\stm32f4xx_hal_rng.o
c:\users\axe\dropbox\elektronik\axe_dashboard240xl\software\vs\dash_cube\dash_cube\visualgdb\debug\stm32f4xx_hal_rtc.o
c:\users\axe\dropbox\elektronik\axe_dashboard240xl\software\vs\dash_cube\dash_cube\visualgdb\debug\stm32f4xx_hal_rtc_ex.o
c:\users\axe\dropbox\elektronik\axe_dashboard240xl\software\vs\dash_cube\dash_cube\visualgdb\debug\stm32f4xx_hal_sai.o
c:\users\axe\dropbox\elektronik\axe_dashboard240xl\software\vs\dash_cube\dash_cube\visualgdb\debug\stm32f4xx_hal_sai_ex.o
c:\users\axe\dropbox\elektronik\axe_dashboard240xl\software\vs\dash_cube\dash_cube\visualgdb\debug\stm32f4xx_hal_sd.o
c:\users\axe\dropbox\elektronik\axe_dashboard240xl\software\vs\dash_cube\dash_cube\visualgdb\debug\stm32f4xx_hal_sdram.o
c:\users\axe\dropbox\elektronik\axe_dashboard240xl\software\vs\dash_cube\dash_cube\visualgdb\debug\stm32f4xx_hal_smartcard.o
c:\users\axe\dropbox\elektronik\axe_dashboard240xl\software\vs\dash_cube\dash_cube\visualgdb\debug\stm32f4xx_hal_spdifrx.o
c:\users\axe\dropbox\elektronik\axe_dashboard240xl\software\vs\dash_cube\dash_cube\visualgdb\debug\stm32f4xx_hal_spi.o
c:\users\axe\dropbox\elektronik\axe_dashboard240xl\software\vs\dash_cube\dash_cube\visualgdb\debug\stm32f4xx_hal_sram.o
c:\users\axe\dropbox\elektronik\axe_dashboard240xl\software\vs\dash_cube\dash_cube\visualgdb\debug\stm32f4xx_hal_tim.o
c:\users\axe\dropbox\elektronik\axe_dashboard240xl\software\vs\dash_cube\dash_cube\visualgdb\debug\stm32f4xx_hal_timebase_tim.o
c:\users\axe\dropbox\elektronik\axe_dashboard240xl\software\vs\dash_cube\dash_cube\visualgdb\debug\stm32f4xx_hal_tim_ex.o
c:\users\axe\dropbox\elektronik\axe_dashboard240xl\software\vs\dash_cube\dash_cube\visualgdb\debug\stm32f4xx_hal_uart.o
c:\users\axe\dropbox\elektronik\axe_dashboard240xl\software\vs\dash_cube\dash_cube\visualgdb\debug\stm32f4xx_hal_usart.o
c:\users\axe\dropbox\elektronik\axe_dashboard240xl\software\vs\dash_cube\dash_cube\visualgdb\debug\stm32f4xx_hal_wwdg.o
c:\users\axe\dropbox\elektronik\axe_dashboard240xl\software\vs\dash_cube\dash_cube\visualgdb\debug\stm32f4xx_it.o
c:\users\axe\dropbox\elektronik\axe_dashboard240xl\software\vs\dash_cube\dash_cube\visualgdb\debug\stm32f4xx_ll_fmc.o
c:\users\axe\dropbox\elektronik\axe_dashboard240xl\software\vs\dash_cube\dash_cube\visualgdb\debug\stm32f4xx_ll_fsmc.o
c:\users\axe\dropbox\elektronik\axe_dashboard240xl\software\vs\dash_cube\dash_cube\visualgdb\debug\stm32f4xx_ll_sdmmc.o
c:\users\axe\dropbox\elektronik\axe_dashboard240xl\software\vs\dash_cube\dash_cube\visualgdb\debug\stm32f4xx_ll_usb.o
c:\users\axe\dropbox\elektronik\axe_dashboard240xl\software\vs\dash_cube\dash_cube\visualgdb\debug\system_stm32f4xx.o
c:\users\axe\dropbox\elektronik\axe_dashboard240xl\software\vs\dash_cube\dash_cube\visualgdb\debug\tasks.o
c:\users\axe\dropbox\elektronik\axe_dashboard240xl\software\vs\dash_cube\dash_cube\visualgdb\debug\tim.o
c:\users\axe\dropbox\elektronik\axe_dashboard240xl\software\vs\dash_cube\dash_cube\visualgdb\debug\timers.o
c:\users\axe\dropbox\elektronik\axe_dashboard240xl\software\vs\dash_cube\dash_cube\visualgdb\debug\usart.o
c:\users\axe\dropbox\elektronik\axe_dashboard240xl\software\vs\dash_cube\dash_cube\visualgdb\debug\usb_otg.o
c:\users\axe\dropbox\elektronik\axe_dashboard240xl\software\vs\dash_cube\dash_cube\visualgdb\debug\adc.dep
c:\users\axe\dropbox\elektronik\axe_dashboard240xl\software\vs\dash_cube\dash_cube\visualgdb\debug\can.dep
c:\users\axe\dropbox\elektronik\axe_dashboard240xl\software\vs\dash_cube\dash_cube\visualgdb\debug\cmsis_os.dep
c:\users\axe\dropbox\elektronik\axe_dashboard240xl\software\vs\dash_cube\dash_cube\visualgdb\debug\croutine.dep
c:\users\axe\dropbox\elektronik\axe_dashboard240xl\software\vs\dash_cube\dash_cube\visualgdb\debug\event_groups.dep
c:\users\axe\dropbox\elektronik\axe_dashboard240xl\software\vs\dash_cube\dash_cube\visualgdb\debug\freertos.dep
c:\users\axe\dropbox\elektronik\axe_dashboard240xl\software\vs\dash_cube\dash_cube\visualgdb\debug\gpio.dep
c:\users\axe\dropbox\elektronik\axe_dashboard240xl\software\vs\dash_cube\dash_cube\visualgdb\debug\heap_4.dep
c:\users\axe\dropbox\elektronik\axe_dashboard240xl\software\vs\dash_cube\dash_cube\visualgdb\debug\list.dep
c:\users\axe\dropbox\elektronik\axe_dashboard240xl\software\vs\dash_cube\dash_cube\visualgdb\debug\main.dep
c:\users\axe\dropbox\elektronik\axe_dashboard240xl\software\vs\dash_cube\dash_cube\visualgdb\debug\port.dep
c:\users\axe\dropbox\elektronik\axe_dashboard240xl\software\vs\dash_cube\dash_cube\visualgdb\debug\queue.dep
c:\users\axe\dropbox\elektronik\axe_dashboard240xl\software\vs\dash_cube\dash_cube\visualgdb\debug\rtc.dep
c:\users\axe\dropbox\elektronik\axe_dashboard240xl\software\vs\dash_cube\dash_cube\visualgdb\debug\sdio.dep
c:\users\axe\dropbox\elektronik\axe_dashboard240xl\software\vs\dash_cube\dash_cube\visualgdb\debug\spi.dep
c:\users\axe\dropbox\elektronik\axe_dashboard240xl\software\vs\dash_cube\dash_cube\visualgdb\debug\startup_stm32f405xx.dep
c:\users\axe\dropbox\elektronik\axe_dashboard240xl\software\vs\dash_cube\dash_cube\visualgdb\debug\stm32f4xx_hal.dep
c:\users\axe\dropbox\elektronik\axe_dashboard240xl\software\vs\dash_cube\dash_cube\visualgdb\debug\stm32f4xx_hal_adc.dep
c:\users\axe\dropbox\elektronik\axe_dashboard240xl\software\vs\dash_cube\dash_cube\visualgdb\debug\stm32f4xx_hal_adc_ex.dep
c:\users\axe\dropbox\elektronik\axe_dashboard240xl\software\vs\dash_cube\dash_cube\visualgdb\debug\stm32f4xx_hal_can.dep
c:\users\axe\dropbox\elektronik\axe_dashboard240xl\software\vs\dash_cube\dash_cube\visualgdb\debug\stm32f4xx_hal_cec.dep
c:\users\axe\dropbox\elektronik\axe_dashboard240xl\software\vs\dash_cube\dash_cube\visualgdb\debug\stm32f4xx_hal_cortex.dep
c:\users\axe\dropbox\elektronik\axe_dashboard240xl\software\vs\dash_cube\dash_cube\visualgdb\debug\stm32f4xx_hal_crc.dep
c:\users\axe\dropbox\elektronik\axe_dashboard240xl\software\vs\dash_cube\dash_cube\visualgdb\debug\stm32f4xx_hal_cryp.dep
c:\users\axe\dropbox\elektronik\axe_dashboard240xl\software\vs\dash_cube\dash_cube\visualgdb\debug\stm32f4xx_hal_cryp_ex.dep
c:\users\axe\dropbox\elektronik\axe_dashboard240xl\software\vs\dash_cube\dash_cube\visualgdb\debug\stm32f4xx_hal_dac.dep
c:\users\axe\dropbox\elektronik\axe_dashboard240xl\software\vs\dash_cube\dash_cube\visualgdb\debug\stm32f4xx_hal_dac_ex.dep
c:\users\axe\dropbox\elektronik\axe_dashboard240xl\software\vs\dash_cube\dash_cube\visualgdb\debug\stm32f4xx_hal_dcmi.dep
c:\users\axe\dropbox\elektronik\axe_dashboard240xl\software\vs\dash_cube\dash_cube\visualgdb\debug\stm32f4xx_hal_dcmi_ex.dep
c:\users\axe\dropbox\elektronik\axe_dashboard240xl\software\vs\dash_cube\dash_cube\visualgdb\debug\stm32f4xx_hal_dfsdm.dep
c:\users\axe\dropbox\elektronik\axe_dashboard240xl\software\vs\dash_cube\dash_cube\visualgdb\debug\stm32f4xx_hal_dma.dep
c:\users\axe\dropbox\elektronik\axe_dashboard240xl\software\vs\dash_cube\dash_cube\visualgdb\debug\stm32f4xx_hal_dma2d.dep
c:\users\axe\dropbox\elektronik\axe_dashboard240xl\software\vs\dash_cube\dash_cube\visualgdb\debug\stm32f4xx_hal_dma_ex.dep
c:\users\axe\dropbox\elektronik\axe_dashboard240xl\software\vs\dash_cube\dash_cube\visualgdb\debug\stm32f4xx_hal_dsi.dep
c:\users\axe\dropbox\elektronik\axe_dashboard240xl\software\vs\dash_cube\dash_cube\visualgdb\debug\stm32f4xx_hal_eth.dep
c:\users\axe\dropbox\elektronik\axe_dashboard240xl\software\vs\dash_cube\dash_cube\visualgdb\debug\stm32f4xx_hal_flash.dep
c:\users\axe\dropbox\elektronik\axe_dashboard240xl\software\vs\dash_cube\dash_cube\visualgdb\debug\stm32f4xx_hal_flash_ex.dep
c:\users\axe\dropbox\elektronik\axe_dashboard240xl\software\vs\dash_cube\dash_cube\visualgdb\debug\stm32f4xx_hal_flash_ramfunc.dep
c:\users\axe\dropbox\elektronik\axe_dashboard240xl\software\vs\dash_cube\dash_cube\visualgdb\debug\stm32f4xx_hal_fmpi2c.dep
c:\users\axe\dropbox\elektronik\axe_dashboard240xl\software\vs\dash_cube\dash_cube\visualgdb\debug\stm32f4xx_hal_fmpi2c_ex.dep
c:\users\axe\dropbox\elektronik\axe_dashboard240xl\software\vs\dash_cube\dash_cube\visualgdb\debug\stm32f4xx_hal_gpio.dep
c:\users\axe\dropbox\elektronik\axe_dashboard240xl\software\vs\dash_cube\dash_cube\visualgdb\debug\stm32f4xx_hal_hash.dep
c:\users\axe\dropbox\elektronik\axe_dashboard240xl\software\vs\dash_cube\dash_cube\visualgdb\debug\stm32f4xx_hal_hash_ex.dep
c:\users\axe\dropbox\elektronik\axe_dashboard240xl\software\vs\dash_cube\dash_cube\visualgdb\debug\stm32f4xx_hal_hcd.dep
c:\users\axe\dropbox\elektronik\axe_dashboard240xl\software\vs\dash_cube\dash_cube\visualgdb\debug\stm32f4xx_hal_i2c.dep
c:\users\axe\dropbox\elektronik\axe_dashboard240xl\software\vs\dash_cube\dash_cube\visualgdb\debug\stm32f4xx_hal_i2c_ex.dep
c:\users\axe\dropbox\elektronik\axe_dashboard240xl\software\vs\dash_cube\dash_cube\visualgdb\debug\stm32f4xx_hal_i2s.dep
c:\users\axe\dropbox\elektronik\axe_dashboard240xl\software\vs\dash_cube\dash_cube\visualgdb\debug\stm32f4xx_hal_i2s_ex.dep
c:\users\axe\dropbox\elektronik\axe_dashboard240xl\software\vs\dash_cube\dash_cube\visualgdb\debug\stm32f4xx_hal_irda.dep
c:\users\axe\dropbox\elektronik\axe_dashboard240xl\software\vs\dash_cube\dash_cube\visualgdb\debug\stm32f4xx_hal_iwdg.dep
c:\users\axe\dropbox\elektronik\axe_dashboard240xl\software\vs\dash_cube\dash_cube\visualgdb\debug\stm32f4xx_hal_lptim.dep
c:\users\axe\dropbox\elektronik\axe_dashboard240xl\software\vs\dash_cube\dash_cube\visualgdb\debug\stm32f4xx_hal_ltdc.dep
c:\users\axe\dropbox\elektronik\axe_dashboard240xl\software\vs\dash_cube\dash_cube\visualgdb\debug\stm32f4xx_hal_ltdc_ex.dep
c:\users\axe\dropbox\elektronik\axe_dashboard240xl\software\vs\dash_cube\dash_cube\visualgdb\debug\stm32f4xx_hal_msp.dep
c:\users\axe\dropbox\elektronik\axe_dashboard240xl\software\vs\dash_cube\dash_cube\visualgdb\debug\stm32f4xx_hal_nand.dep
c:\users\axe\dropbox\elektronik\axe_dashboard240xl\software\vs\dash_cube\dash_cube\visualgdb\debug\stm32f4xx_hal_nor.dep
c:\users\axe\dropbox\elektronik\axe_dashboard240xl\software\vs\dash_cube\dash_cube\visualgdb\debug\stm32f4xx_hal_pccard.dep
c:\users\axe\dropbox\elektronik\axe_dashboard240xl\software\vs\dash_cube\dash_cube\visualgdb\debug\stm32f4xx_hal_pcd.dep
c:\users\axe\dropbox\elektronik\axe_dashboard240xl\software\vs\dash_cube\dash_cube\visualgdb\debug\stm32f4xx_hal_pcd_ex.dep
c:\users\axe\dropbox\elektronik\axe_dashboard240xl\software\vs\dash_cube\dash_cube\visualgdb\debug\stm32f4xx_hal_pwr.dep
c:\users\axe\dropbox\elektronik\axe_dashboard240xl\software\vs\dash_cube\dash_cube\visualgdb\debug\stm32f4xx_hal_pwr_ex.dep
c:\users\axe\dropbox\elektronik\axe_dashboard240xl\software\vs\dash_cube\dash_cube\visualgdb\debug\stm32f4xx_hal_qspi.dep
c:\users\axe\dropbox\elektronik\axe_dashboard240xl\software\vs\dash_cube\dash_cube\visualgdb\debug\stm32f4xx_hal_rcc.dep
c:\users\axe\dropbox\elektronik\axe_dashboard240xl\software\vs\dash_cube\dash_cube\visualgdb\debug\stm32f4xx_hal_rcc_ex.dep
c:\users\axe\dropbox\elektronik\axe_dashboard240xl\software\vs\dash_cube\dash_cube\visualgdb\debug\stm32f4xx_hal_rng.dep
c:\users\axe\dropbox\elektronik\axe_dashboard240xl\software\vs\dash_cube\dash_cube\visualgdb\debug\stm32f4xx_hal_rtc.dep
c:\users\axe\dropbox\elektronik\axe_dashboard240xl\software\vs\dash_cube\dash_cube\visualgdb\debug\stm32f4xx_hal_rtc_ex.dep
c:\users\axe\dropbox\elektronik\axe_dashboard240xl\software\vs\dash_cube\dash_cube\visualgdb\debug\stm32f4xx_hal_sai.dep
c:\users\axe\dropbox\elektronik\axe_dashboard240xl\software\vs\dash_cube\dash_cube\visualgdb\debug\stm32f4xx_hal_sai_ex.dep
c:\users\axe\dropbox\elektronik\axe_dashboard240xl\software\vs\dash_cube\dash_cube\visualgdb\debug\stm32f4xx_hal_sd.dep
c:\users\axe\dropbox\elektronik\axe_dashboard240xl\software\vs\dash_cube\dash_cube\visualgdb\debug\stm32f4xx_hal_sdram.dep
c:\users\axe\dropbox\elektronik\axe_dashboard240xl\software\vs\dash_cube\dash_cube\visualgdb\debug\stm32f4xx_hal_smartcard.dep
c:\users\axe\dropbox\elektronik\axe_dashboard240xl\software\vs\dash_cube\dash_cube\visualgdb\debug\stm32f4xx_hal_spdifrx.dep
c:\users\axe\dropbox\elektronik\axe_dashboard240xl\software\vs\dash_cube\dash_cube\visualgdb\debug\stm32f4xx_hal_spi.dep
c:\users\axe\dropbox\elektronik\axe_dashboard240xl\software\vs\dash_cube\dash_cube\visualgdb\debug\stm32f4xx_hal_sram.dep
c:\users\axe\dropbox\elektronik\axe_dashboard240xl\software\vs\dash_cube\dash_cube\visualgdb\debug\stm32f4xx_hal_tim.dep
c:\users\axe\dropbox\elektronik\axe_dashboard240xl\software\vs\dash_cube\dash_cube\visualgdb\debug\stm32f4xx_hal_timebase_tim.dep
c:\users\axe\dropbox\elektronik\axe_dashboard240xl\software\vs\dash_cube\dash_cube\visualgdb\debug\stm32f4xx_hal_tim_ex.dep
c:\users\axe\dropbox\elektronik\axe_dashboard240xl\software\vs\dash_cube\dash_cube\visualgdb\debug\stm32f4xx_hal_uart.dep
c:\users\axe\dropbox\elektronik\axe_dashboard240xl\software\vs\dash_cube\dash_cube\visualgdb\debug\stm32f4xx_hal_usart.dep
c:\users\axe\dropbox\elektronik\axe_dashboard240xl\software\vs\dash_cube\dash_cube\visualgdb\debug\stm32f4xx_hal_wwdg.dep
c:\users\axe\dropbox\elektronik\axe_dashboard240xl\software\vs\dash_cube\dash_cube\visualgdb\debug\stm32f4xx_it.dep
c:\users\axe\dropbox\elektronik\axe_dashboard240xl\software\vs\dash_cube\dash_cube\visualgdb\debug\stm32f4xx_ll_fmc.dep
c:\users\axe\dropbox\elektronik\axe_dashboard240xl\software\vs\dash_cube\dash_cube\visualgdb\debug\stm32f4xx_ll_fsmc.dep
c:\users\axe\dropbox\elektronik\axe_dashboard240xl\software\vs\dash_cube\dash_cube\visualgdb\debug\stm32f4xx_ll_sdmmc.dep
c:\users\axe\dropbox\elektronik\axe_dashboard240xl\software\vs\dash_cube\dash_cube\visualgdb\debug\stm32f4xx_ll_usb.dep
c:\users\axe\dropbox\elektronik\axe_dashboard240xl\software\vs\dash_cube\dash_cube\visualgdb\debug\system_stm32f4xx.dep
c:\users\axe\dropbox\elektronik\axe_dashboard240xl\software\vs\dash_cube\dash_cube\visualgdb\debug\tasks.dep
c:\users\axe\dropbox\elektronik\axe_dashboard240xl\software\vs\dash_cube\dash_cube\visualgdb\debug\tim.dep
c:\users\axe\dropbox\elektronik\axe_dashboard240xl\software\vs\dash_cube\dash_cube\visualgdb\debug\timers.dep
c:\users\axe\dropbox\elektronik\axe_dashboard240xl\software\vs\dash_cube\dash_cube\visualgdb\debug\usart.dep
c:\users\axe\dropbox\elektronik\axe_dashboard240xl\software\vs\dash_cube\dash_cube\visualgdb\debug\usb_otg.dep
c:\users\axe\dropbox\elektronik\axe_dashboard240xl\software\vs\dash_cube\dash_cube\visualgdb\debug\adc.gcc.rsp
c:\users\axe\dropbox\elektronik\axe_dashboard240xl\software\vs\dash_cube\dash_cube\visualgdb\debug\can.gcc.rsp
c:\users\axe\dropbox\elektronik\axe_dashboard240xl\software\vs\dash_cube\dash_cube\visualgdb\debug\cmsis_os.gcc.rsp
c:\users\axe\dropbox\elektronik\axe_dashboard240xl\software\vs\dash_cube\dash_cube\visualgdb\debug\croutine.gcc.rsp
c:\users\axe\dropbox\elektronik\axe_dashboard240xl\software\vs\dash_cube\dash_cube\visualgdb\debug\event_groups.gcc.rsp
c:\users\axe\dropbox\elektronik\axe_dashboard240xl\software\vs\dash_cube\dash_cube\visualgdb\debug\freertos.gcc.rsp
c:\users\axe\dropbox\elektronik\axe_dashboard240xl\software\vs\dash_cube\dash_cube\visualgdb\debug\gpio.gcc.rsp
c:\users\axe\dropbox\elektronik\axe_dashboard240xl\software\vs\dash_cube\dash_cube\visualgdb\debug\heap_4.gcc.rsp
c:\users\axe\dropbox\elektronik\axe_dashboard240xl\software\vs\dash_cube\dash_cube\visualgdb\debug\list.gcc.rsp
c:\users\axe\dropbox\elektronik\axe_dashboard240xl\software\vs\dash_cube\dash_cube\visualgdb\debug\main.gcc.rsp
c:\users\axe\dropbox\elektronik\axe_dashboard240xl\software\vs\dash_cube\dash_cube\visualgdb\debug\port.gcc.rsp
c:\users\axe\dropbox\elektronik\axe_dashboard240xl\software\vs\dash_cube\dash_cube\visualgdb\debug\queue.gcc.rsp
c:\users\axe\dropbox\elektronik\axe_dashboard240xl\software\vs\dash_cube\dash_cube\visualgdb\debug\rtc.gcc.rsp
c:\users\axe\dropbox\elektronik\axe_dashboard240xl\software\vs\dash_cube\dash_cube\visualgdb\debug\sdio.gcc.rsp
c:\users\axe\dropbox\elektronik\axe_dashboard240xl\software\vs\dash_cube\dash_cube\visualgdb\debug\spi.gcc.rsp
c:\users\axe\dropbox\elektronik\axe_dashboard240xl\software\vs\dash_cube\dash_cube\visualgdb\debug\startup_stm32f405xx.gcc.rsp
c:\users\axe\dropbox\elektronik\axe_dashboard240xl\software\vs\dash_cube\dash_cube\visualgdb\debug\stm32f4xx_hal.gcc.rsp
c:\users\axe\dropbox\elektronik\axe_dashboard240xl\software\vs\dash_cube\dash_cube\visualgdb\debug\stm32f4xx_hal_adc.gcc.rsp
c:\users\axe\dropbox\elektronik\axe_dashboard240xl\software\vs\dash_cube\dash_cube\visualgdb\debug\stm32f4xx_hal_adc_ex.gcc.rsp
c:\users\axe\dropbox\elektronik\axe_dashboard240xl\software\vs\dash_cube\dash_cube\visualgdb\debug\stm32f4xx_hal_can.gcc.rsp
c:\users\axe\dropbox\elektronik\axe_dashboard240xl\software\vs\dash_cube\dash_cube\visualgdb\debug\stm32f4xx_hal_cec.gcc.rsp
c:\users\axe\dropbox\elektronik\axe_dashboard240xl\software\vs\dash_cube\dash_cube\visualgdb\debug\stm32f4xx_hal_cortex.gcc.rsp
c:\users\axe\dropbox\elektronik\axe_dashboard240xl\software\vs\dash_cube\dash_cube\visualgdb\debug\stm32f4xx_hal_crc.gcc.rsp
c:\users\axe\dropbox\elektronik\axe_dashboard240xl\software\vs\dash_cube\dash_cube\visualgdb\debug\stm32f4xx_hal_cryp.gcc.rsp
c:\users\axe\dropbox\elektronik\axe_dashboard240xl\software\vs\dash_cube\dash_cube\visualgdb\debug\stm32f4xx_hal_cryp_ex.gcc.rsp
c:\users\axe\dropbox\elektronik\axe_dashboard240xl\software\vs\dash_cube\dash_cube\visualgdb\debug\stm32f4xx_hal_dac.gcc.rsp
c:\users\axe\dropbox\elektronik\axe_dashboard240xl\software\vs\dash_cube\dash_cube\visualgdb\debug\stm32f4xx_hal_dac_ex.gcc.rsp
c:\users\axe\dropbox\elektronik\axe_dashboard240xl\software\vs\dash_cube\dash_cube\visualgdb\debug\stm32f4xx_hal_dcmi.gcc.rsp
c:\users\axe\dropbox\elektronik\axe_dashboard240xl\software\vs\dash_cube\dash_cube\visualgdb\debug\stm32f4xx_hal_dcmi_ex.gcc.rsp
c:\users\axe\dropbox\elektronik\axe_dashboard240xl\software\vs\dash_cube\dash_cube\visualgdb\debug\stm32f4xx_hal_dfsdm.gcc.rsp
c:\users\axe\dropbox\elektronik\axe_dashboard240xl\software\vs\dash_cube\dash_cube\visualgdb\debug\stm32f4xx_hal_dma.gcc.rsp
c:\users\axe\dropbox\elektronik\axe_dashboard240xl\software\vs\dash_cube\dash_cube\visualgdb\debug\stm32f4xx_hal_dma2d.gcc.rsp
c:\users\axe\dropbox\elektronik\axe_dashboard240xl\software\vs\dash_cube\dash_cube\visualgdb\debug\stm32f4xx_hal_dma_ex.gcc.rsp
c:\users\axe\dropbox\elektronik\axe_dashboard240xl\software\vs\dash_cube\dash_cube\visualgdb\debug\stm32f4xx_hal_dsi.gcc.rsp
c:\users\axe\dropbox\elektronik\axe_dashboard240xl\software\vs\dash_cube\dash_cube\visualgdb\debug\stm32f4xx_hal_eth.gcc.rsp
c:\users\axe\dropbox\elektronik\axe_dashboard240xl\software\vs\dash_cube\dash_cube\visualgdb\debug\stm32f4xx_hal_flash.gcc.rsp
c:\users\axe\dropbox\elektronik\axe_dashboard240xl\software\vs\dash_cube\dash_cube\visualgdb\debug\stm32f4xx_hal_flash_ex.gcc.rsp
c:\users\axe\dropbox\elektronik\axe_dashboard240xl\software\vs\dash_cube\dash_cube\visualgdb\debug\stm32f4xx_hal_flash_ramfunc.gcc.rsp
c:\users\axe\dropbox\elektronik\axe_dashboard240xl\software\vs\dash_cube\dash_cube\visualgdb\debug\stm32f4xx_hal_fmpi2c.gcc.rsp
c:\users\axe\dropbox\elektronik\axe_dashboard240xl\software\vs\dash_cube\dash_cube\visualgdb\debug\stm32f4xx_hal_fmpi2c_ex.gcc.rsp
c:\users\axe\dropbox\elektronik\axe_dashboard240xl\software\vs\dash_cube\dash_cube\visualgdb\debug\stm32f4xx_hal_gpio.gcc.rsp
c:\users\axe\dropbox\elektronik\axe_dashboard240xl\software\vs\dash_cube\dash_cube\visualgdb\debug\stm32f4xx_hal_hash.gcc.rsp
c:\users\axe\dropbox\elektronik\axe_dashboard240xl\software\vs\dash_cube\dash_cube\visualgdb\debug\stm32f4xx_hal_hash_ex.gcc.rsp
c:\users\axe\dropbox\elektronik\axe_dashboard240xl\software\vs\dash_cube\dash_cube\visualgdb\debug\stm32f4xx_hal_hcd.gcc.rsp
c:\users\axe\dropbox\elektronik\axe_dashboard240xl\software\vs\dash_cube\dash_cube\visualgdb\debug\stm32f4xx_hal_i2c.gcc.rsp
c:\users\axe\dropbox\elektronik\axe_dashboard240xl\software\vs\dash_cube\dash_cube\visualgdb\debug\stm32f4xx_hal_i2c_ex.gcc.rsp
c:\users\axe\dropbox\elektronik\axe_dashboard240xl\software\vs\dash_cube\dash_cube\visualgdb\debug\stm32f4xx_hal_i2s.gcc.rsp
c:\users\axe\dropbox\elektronik\axe_dashboard240xl\software\vs\dash_cube\dash_cube\visualgdb\debug\stm32f4xx_hal_i2s_ex.gcc.rsp
c:\users\axe\dropbox\elektronik\axe_dashboard240xl\software\vs\dash_cube\dash_cube\visualgdb\debug\stm32f4xx_hal_irda.gcc.rsp
c:\users\axe\dropbox\elektronik\axe_dashboard240xl\software\vs\dash_cube\dash_cube\visualgdb\debug\stm32f4xx_hal_iwdg.gcc.rsp
c:\users\axe\dropbox\elektronik\axe_dashboard240xl\software\vs\dash_cube\dash_cube\visualgdb\debug\stm32f4xx_hal_lptim.gcc.rsp
c:\users\axe\dropbox\elektronik\axe_dashboard240xl\software\vs\dash_cube\dash_cube\visualgdb\debug\stm32f4xx_hal_ltdc.gcc.rsp
c:\users\axe\dropbox\elektronik\axe_dashboard240xl\software\vs\dash_cube\dash_cube\visualgdb\debug\stm32f4xx_hal_ltdc_ex.gcc.rsp
c:\users\axe\dropbox\elektronik\axe_dashboard240xl\software\vs\dash_cube\dash_cube\visualgdb\debug\stm32f4xx_hal_msp.gcc.rsp
c:\users\axe\dropbox\elektronik\axe_dashboard240xl\software\vs\dash_cube\dash_cube\visualgdb\debug\stm32f4xx_hal_nand.gcc.rsp
c:\users\axe\dropbox\elektronik\axe_dashboard240xl\software\vs\dash_cube\dash_cube\visualgdb\debug\stm32f4xx_hal_nor.gcc.rsp
c:\users\axe\dropbox\elektronik\axe_dashboard240xl\software\vs\dash_cube\dash_cube\visualgdb\debug\stm32f4xx_hal_pccard.gcc.rsp
c:\users\axe\dropbox\elektronik\axe_dashboard240xl\software\vs\dash_cube\dash_cube\visualgdb\debug\stm32f4xx_hal_pcd.gcc.rsp
c:\users\axe\dropbox\elektronik\axe_dashboard240xl\software\vs\dash_cube\dash_cube\visualgdb\debug\stm32f4xx_hal_pcd_ex.gcc.rsp
c:\users\axe\dropbox\elektronik\axe_dashboard240xl\software\vs\dash_cube\dash_cube\visualgdb\debug\stm32f4xx_hal_pwr.gcc.rsp
c:\users\axe\dropbox\elektronik\axe_dashboard240xl\software\vs\dash_cube\dash_cube\visualgdb\debug\stm32f4xx_hal_pwr_ex.gcc.rsp
c:\users\axe\dropbox\elektronik\axe_dashboard240xl\software\vs\dash_cube\dash_cube\visualgdb\debug\stm32f4xx_hal_qspi.gcc.rsp
c:\users\axe\dropbox\elektronik\axe_dashboard240xl\software\vs\dash_cube\dash_cube\visualgdb\debug\stm32f4xx_hal_rcc.gcc.rsp
c:\users\axe\dropbox\elektronik\axe_dashboard240xl\software\vs\dash_cube\dash_cube\visualgdb\debug\stm32f4xx_hal_rcc_ex.gcc.rsp
c:\users\axe\dropbox\elektronik\axe_dashboard240xl\software\vs\dash_cube\dash_cube\visualgdb\debug\stm32f4xx_hal_rng.gcc.rsp
c:\users\axe\dropbox\elektronik\axe_dashboard240xl\software\vs\dash_cube\dash_cube\visualgdb\debug\stm32f4xx_hal_rtc.gcc.rsp
c:\users\axe\dropbox\elektronik\axe_dashboard240xl\software\vs\dash_cube\dash_cube\visualgdb\debug\stm32f4xx_hal_rtc_ex.gcc.rsp
c:\users\axe\dropbox\elektronik\axe_dashboard240xl\software\vs\dash_cube\dash_cube\visualgdb\debug\stm32f4xx_hal_sai.gcc.rsp
c:\users\axe\dropbox\elektronik\axe_dashboard240xl\software\vs\dash_cube\dash_cube\visualgdb\debug\stm32f4xx_hal_sai_ex.gcc.rsp
c:\users\axe\dropbox\elektronik\axe_dashboard240xl\software\vs\dash_cube\dash_cube\visualgdb\debug\stm32f4xx_hal_sd.gcc.rsp
c:\users\axe\dropbox\elektronik\axe_dashboard240xl\software\vs\dash_cube\dash_cube\visualgdb\debug\stm32f4xx_hal_sdram.gcc.rsp
c:\users\axe\dropbox\elektronik\axe_dashboard240xl\software\vs\dash_cube\dash_cube\visualgdb\debug\stm32f4xx_hal_smartcard.gcc.rsp
c:\users\axe\dropbox\elektronik\axe_dashboard240xl\software\vs\dash_cube\dash_cube\visualgdb\debug\stm32f4xx_hal_spdifrx.gcc.rsp
c:\users\axe\dropbox\elektronik\axe_dashboard240xl\software\vs\dash_cube\dash_cube\visualgdb\debug\stm32f4xx_hal_spi.gcc.rsp
c:\users\axe\dropbox\elektronik\axe_dashboard240xl\software\vs\dash_cube\dash_cube\visualgdb\debug\stm32f4xx_hal_sram.gcc.rsp
c:\users\axe\dropbox\elektronik\axe_dashboard240xl\software\vs\dash_cube\dash_cube\visualgdb\debug\stm32f4xx_hal_tim.gcc.rsp
c:\users\axe\dropbox\elektronik\axe_dashboard240xl\software\vs\dash_cube\dash_cube\visualgdb\debug\stm32f4xx_hal_timebase_tim.gcc.rsp
c:\users\axe\dropbox\elektronik\axe_dashboard240xl\software\vs\dash_cube\dash_cube\visualgdb\debug\stm32f4xx_hal_tim_ex.gcc.rsp
c:\users\axe\dropbox\elektronik\axe_dashboard240xl\software\vs\dash_cube\dash_cube\visualgdb\debug\stm32f4xx_hal_uart.gcc.rsp
c:\users\axe\dropbox\elektronik\axe_dashboard240xl\software\vs\dash_cube\dash_cube\visualgdb\debug\stm32f4xx_hal_usart.gcc.rsp
c:\users\axe\dropbox\elektronik\axe_dashboard240xl\software\vs\dash_cube\dash_cube\visualgdb\debug\stm32f4xx_hal_wwdg.gcc.rsp
c:\users\axe\dropbox\elektronik\axe_dashboard240xl\software\vs\dash_cube\dash_cube\visualgdb\debug\stm32f4xx_it.gcc.rsp
c:\users\axe\dropbox\elektronik\axe_dashboard240xl\software\vs\dash_cube\dash_cube\visualgdb\debug\stm32f4xx_ll_fmc.gcc.rsp
c:\users\axe\dropbox\elektronik\axe_dashboard240xl\software\vs\dash_cube\dash_cube\visualgdb\debug\stm32f4xx_ll_fsmc.gcc.rsp
c:\users\axe\dropbox\elektronik\axe_dashboard240xl\software\vs\dash_cube\dash_cube\visualgdb\debug\stm32f4xx_ll_sdmmc.gcc.rsp
c:\users\axe\dropbox\elektronik\axe_dashboard240xl\software\vs\dash_cube\dash_cube\visualgdb\debug\stm32f4xx_ll_usb.gcc.rsp
c:\users\axe\dropbox\elektronik\axe_dashboard240xl\software\vs\dash_cube\dash_cube\visualgdb\debug\system_stm32f4xx.gcc.rsp
c:\users\axe\dropbox\elektronik\axe_dashboard240xl\software\vs\dash_cube\dash_cube\visualgdb\debug\tasks.gcc.rsp
c:\users\axe\dropbox\elektronik\axe_dashboard240xl\software\vs\dash_cube\dash_cube\visualgdb\debug\tim.gcc.rsp
c:\users\axe\dropbox\elektronik\axe_dashboard240xl\software\vs\dash_cube\dash_cube\visualgdb\debug\timers.gcc.rsp
c:\users\axe\dropbox\elektronik\axe_dashboard240xl\software\vs\dash_cube\dash_cube\visualgdb\debug\usart.gcc.rsp
c:\users\axe\dropbox\elektronik\axe_dashboard240xl\software\vs\dash_cube\dash_cube\visualgdb\debug\usb_otg.gcc.rsp
c:\users\axe\dropbox\elektronik\axe_dashboard240xl\software\vs\dash_cube\dash_cube\visualgdb\debug\dash_cube.alldeps
